Arguments: 
  /Users/nikitakolmogorov/.nvm/versions/node/v12.8.0/bin/node /Users/nikitakolmogorov/.nvm/versions/node/v12.8.0/bin/yarn add concurrently:

PATH: 
  /Users/nikitakolmogorov/.nvm/versions/node/v12.8.0/bin:/usr/local/opt/mongodb-community@4.0/bin:/usr/local/bin:/usr/bin:/bin:/usr/sbin:/sbin:/Users/nikitakolmogorov/.nvm/versions/node/v12.8.0/bin

Yarn version: 
  1.17.3

Node version: 
  12.8.0

Platform: 
  darwin x64

Trace: 
  Error: Invalid URL
      at module.exports.module.exports (/Users/nikitakolmogorov/.nvm/versions/node/v12.8.0/lib/node_modules/yarn/lib/cli.js:71663:9)
      at urlParts (/Users/nikitakolmogorov/.nvm/versions/node/v12.8.0/lib/node_modules/yarn/lib/cli.js:31604:75)
      at NpmRegistry.isRequestToRegistry (/Users/nikitakolmogorov/.nvm/versions/node/v12.8.0/lib/node_modules/yarn/lib/cli.js:31647:19)
      at NpmRegistry.<anonymous> (/Users/nikitakolmogorov/.nvm/versions/node/v12.8.0/lib/node_modules/yarn/lib/cli.js:31679:31)
      at Generator.next (<anonymous>)
      at step (/Users/nikitakolmogorov/.nvm/versions/node/v12.8.0/lib/node_modules/yarn/lib/cli.js:304:30)
      at /Users/nikitakolmogorov/.nvm/versions/node/v12.8.0/lib/node_modules/yarn/lib/cli.js:322:14
      at new Promise (<anonymous>)
      at new F (/Users/nikitakolmogorov/.nvm/versions/node/v12.8.0/lib/node_modules/yarn/lib/cli.js:5296:28)
      at NpmRegistry.<anonymous> (/Users/nikitakolmogorov/.nvm/versions/node/v12.8.0/lib/node_modules/yarn/lib/cli.js:301:12)

npm manifest: 
  {
    "name": "temply",
    "version": "1.0.0",
    "description": "Template bot for Telegram",
    "main": "dist/app.js",
    "repository": "https://github.com/backmeupplz/temply",
    "author": "backmeupplz <backmeupplz@gmail.com>",
    "license": "MIT",
    "private": false,
    "scripts": {
      "distribute": "yarn build-ts && node dist/app.js",
      "develop": "concurrently -k -p \"[{name}]\" -n \"TypeScript,Node\" -c \"yellow.bold,cyan.bold\" \"yarn watch-ts\" \"yarn watch-js\"",
      "build-ts": "tsc --skipLibCheck",
      "watch-ts": "tsc -w --skipLibCheck",
      "watch-js": "nodemon dist/app.js"
    },
    "dependencies": {
      "@types/dotenv": "^6.1.1",
      "@types/js-yaml": "^3.12.1",
      "@types/node": "^12.7.5",
      "dotenv": "^8.1.0",
      "fuzzysearch": "^1.0.3",
      "js-yaml": "^3.13.1",
      "telegraf": "^3.32.0",
      "telegraf-i18n": "^6.6.0",
      "typegoose": "^5.9.1",
      "typescript": "^3.6.3"
    }
  }

yarn manifest: 
  No manifest

Lockfile: 
  # THIS IS AN AUTOGENERATED FILE. DO NOT EDIT THIS FILE DIRECTLY.
  # yarn lockfile v1
  
  
  "@types/dotenv@^6.1.1":
    version "6.1.1"
    resolved "https://registry.yarnpkg.com/@types/dotenv/-/dotenv-6.1.1.tgz#f7ce1cc4fe34f0a4373ba99fefa437b0bec54b46"
    integrity sha512-ftQl3DtBvqHl9L16tpqqzA4YzCSXZfi7g8cQceTz5rOlYtk/IZbFjAv3mLOQlNIgOaylCQWQoBdDQHPgEBJPHg==
    dependencies:
      "@types/node" "*"
  
  "@types/js-yaml@^3.12.1":
    version "3.12.1"
    resolved "https://registry.yarnpkg.com/@types/js-yaml/-/js-yaml-3.12.1.tgz#5c6f4a1eabca84792fbd916f0cb40847f123c656"
    integrity sha512-SGGAhXLHDx+PK4YLNcNGa6goPf9XRWQNAUUbffkwVGGXIxmDKWyGGL4inzq2sPmExu431Ekb9aEMn9BkPqEYFA==
  
  "@types/node@*", "@types/node@^12.0.4", "@types/node@^12.7.5":
    version "12.7.5"
    resolved "https://registry.yarnpkg.com/@types/node/-/node-12.7.5.tgz#e19436e7f8e9b4601005d73673b6dc4784ffcc2f"
    integrity sha512-9fq4jZVhPNW8r+UYKnxF1e2HkDWOWKM5bC2/7c9wPV835I0aOrVbS/Hw/pWPk2uKrNXQqg9Z959Kz+IYDd5p3w==
  
  argparse@^1.0.7:
    version "1.0.10"
    resolved "https://registry.yarnpkg.com/argparse/-/argparse-1.0.10.tgz#bcd6791ea5ae09725e17e5ad988134cd40b3d911"
    integrity sha512-o5Roy6tNG4SL/FOkCAN6RzjiakZS25RLYFrcMttJqbdd8BWrnA+fGz57iN5Pb06pvBGvl5gQ0B48dJlslXvoTg==
    dependencies:
      sprintf-js "~1.0.2"
  
  compile-template@^0.3.1:
    version "0.3.1"
    resolved "https://registry.yarnpkg.com/compile-template/-/compile-template-0.3.1.tgz#e581a08385c792609408d448187a5eaaf334b6b0"
    integrity sha512-5aB55cRApvy8zKPe9RrrLVysVpHafgp1IMvfGYQ8QnXrIsafYuj73yyIGYEHsslYoDxIs/XsM5wTIxICcwIKog==
  
  debug@^4.0.1:
    version "4.1.1"
    resolved "https://registry.yarnpkg.com/debug/-/debug-4.1.1.tgz#3b72260255109c6b589cee050f1d516139664791"
    integrity sha512-pYAIzeRo8J6KPEaJ0VWOh5Pzkbw/RetuzehGM7QRRX5he4fPHx2rdKMB256ehJCkX+XRQm16eZLqLNS8RSZXZw==
    dependencies:
      ms "^2.1.1"
  
  dotenv@^8.1.0:
    version "8.1.0"
    resolved "https://registry.yarnpkg.com/dotenv/-/dotenv-8.1.0.tgz#d811e178652bfb8a1e593c6dd704ec7e90d85ea2"
    integrity sha512-GUE3gqcDCaMltj2++g6bRQ5rBJWtkWTmqmD0fo1RnnMuUqHNCt2oTPeDnS9n6fKYvlhn7AeBkb38lymBtWBQdA==
  
  esprima@^4.0.0:
    version "4.0.1"
    resolved "https://registry.yarnpkg.com/esprima/-/esprima-4.0.1.tgz#13b04cdb3e6c5d19df91ab6987a8695619b0aa71"
    integrity sha512-eGuFFw7Upda+g4p+QHvnW0RyTX/SVeJBDM/gCtMARO0cLuT2HcEKnTPvhjV6aGeqrCB/sbNop0Kszm0jsaWU4A==
  
  fuzzysearch@^1.0.3:
    version "1.0.3"
    resolved "https://registry.yarnpkg.com/fuzzysearch/-/fuzzysearch-1.0.3.tgz#dffc80f6d6b04223f2226aa79dd194231096d008"
    integrity sha1-3/yA9tawQiPyImqnndGUIxCW0Ag=
  
  js-yaml@^3.13.1, js-yaml@^3.6.1:
    version "3.13.1"
    resolved "https://registry.yarnpkg.com/js-yaml/-/js-yaml-3.13.1.tgz#aff151b30bfdfa8e49e05da22e7415e9dfa37847"
    integrity sha512-YfbcO7jXDdyj0DGxYVSlSeQNHbD7XPWvrVWeVUujrQEoZzWJIRrCPoyk6kL6IAjAG2IolMK4T0hNUe0HOUs5Jw==
    dependencies:
      argparse "^1.0.7"
      esprima "^4.0.0"
  
  ms@^2.1.1:
    version "2.1.2"
    resolved "https://registry.yarnpkg.com/ms/-/ms-2.1.2.tgz#d09d1f357b443f493382a8eb3ccd183872ae6009"
    integrity sha512-sGkPx+VjMtmA6MX27oA4FBFELFCZZ4S4XqeGOXCv68tT+jb3vk/RyaKWP0PTKyWtmLSM0b+adUTEvbs1PEaH2w==
  
  node-fetch@^2.2.0:
    version "2.6.0"
    resolved "https://registry.yarnpkg.com/node-fetch/-/node-fetch-2.6.0.tgz#e633456386d4aa55863f676a7ab0daa8fdecb0fd"
    integrity sha512-8dG4H5ujfvFiqDmVu9fQ5bOHUC15JMjMY/Zumv26oOvvVJjM67KF8koCWIabKQ1GJIa9r2mMZscBq/TbdOcmNA==
  
  reflect-metadata@^0.1.13:
    version "0.1.13"
    resolved "https://registry.yarnpkg.com/reflect-metadata/-/reflect-metadata-0.1.13.tgz#67ae3ca57c972a2aa1642b10fe363fe32d49dc08"
    integrity sha512-Ts1Y/anZELhSsjMcU605fU9RE4Oi3p5ORujwbIKXfWa+0Zxs510Qrmrce5/Jowq3cHSZSJqBjypxmHarc+vEWg==
  
  sandwich-stream@^2.0.1:
    version "2.0.2"
    resolved "https://registry.yarnpkg.com/sandwich-stream/-/sandwich-stream-2.0.2.tgz#6d1feb6cf7e9fe9fadb41513459a72c2e84000fa"
    integrity sha512-jLYV0DORrzY3xaz/S9ydJL6Iz7essZeAfnAavsJ+zsJGZ1MOnsS52yRjU3uF3pJa/lla7+wisp//fxOwOH8SKQ==
  
  sprintf-js@~1.0.2:
    version "1.0.3"
    resolved "https://registry.yarnpkg.com/sprintf-js/-/sprintf-js-1.0.3.tgz#04e6926f662895354f3dd015203633b857297e2c"
    integrity sha1-BOaSb2YolTVPPdAVIDYzuFcpfiw=
  
  telegraf-i18n@^6.6.0:
    version "6.6.0"
    resolved "https://registry.yarnpkg.com/telegraf-i18n/-/telegraf-i18n-6.6.0.tgz#d75a5247bd4b6678f051b370871fca9488c61952"
    integrity sha512-xe8ztg9lh5IoN0xjlHpuNkF/b2+HGMYEDwURFYaKbUIavNSXpB5B48WeOJ6MySEAIRNegc+S9lLzJcb4JBPX0g==
    dependencies:
      compile-template "^0.3.1"
      debug "^4.0.1"
      js-yaml "^3.6.1"
  
  telegraf@^3.32.0:
    version "3.32.0"
    resolved "https://registry.yarnpkg.com/telegraf/-/telegraf-3.32.0.tgz#70ec304b9c8645f8988924ebe90e5c00ee46ddbb"
    integrity sha512-5ZHiovyuG1rVLygJjaqf57wDt8e1nijAinKXCxN1tyUZ4BcrkZW/z5rVTEXA+KegpFbWxKKv3KnJwUJrKDqD0Q==
    dependencies:
      "@types/node" "^12.0.4"
      debug "^4.0.1"
      node-fetch "^2.2.0"
      sandwich-stream "^2.0.1"
      telegram-typings "^3.6.0"
  
  telegram-typings@^3.6.0:
    version "3.6.1"
    resolved "https://registry.yarnpkg.com/telegram-typings/-/telegram-typings-3.6.1.tgz#1288d547f8694b61f1c01c2993e295f3114d9e25"
    integrity sha512-njVv1EAhIZnmQVLocZEADYUyqA1WIXuVcDYlsp+mXua/XB0pxx+PKtMSPeZ/EE4wPWTw9h/hA9ASTT6yQelkiw==
  
  typegoose@^5.9.1:
    version "5.9.1"
    resolved "https://registry.yarnpkg.com/typegoose/-/typegoose-5.9.1.tgz#58dbb14f35ecf96b22e7c744fa7a0f9731260f29"
    integrity sha512-D+vMhNyZeKBZHrmJFZwOodl3T9W2NOXY+hbnW/f1n60oEL8+L15eryFc9C6fAKrlnkgpui+kdQnNXsLwx2MgCw==
    dependencies:
      reflect-metadata "^0.1.13"
  
  typescript@^3.6.3:
    version "3.6.3"
    resolved "https://registry.yarnpkg.com/typescript/-/typescript-3.6.3.tgz#fea942fabb20f7e1ca7164ff626f1a9f3f70b4da"
    integrity sha512-N7bceJL1CtRQ2RiG0AQME13ksR7DiuQh/QehubYcghzv20tnh+MQnQIuJddTmsbqYj+dztchykemz0zFzlvdQw==
